


ARM Macro Assembler    Page 1 


    1 00000000         ;
    2 00000000         ;*******************************************************
                       *************************************************
    3 00000000         ;                                                uC/OS-I
                       II
    4 00000000         ;                                          The Real-Time
                        Kernel
    5 00000000         ;
    6 00000000         ;
    7 00000000         ;                           (c) Copyright 2009-2010; Mic
                       rium, Inc.; Weston, FL
    8 00000000         ;                    All rights reserved.  Protected by 
                       international copyright laws.
    9 00000000         ;
   10 00000000         ;                                           ARM Cortex-M
                       3 Port
   11 00000000         ;
   12 00000000         ; File      : OS_CPU_A.ASM
   13 00000000         ; Version   : V3.01.2
   14 00000000         ; By        : JJL
   15 00000000         ;             BAN
   16 00000000         ;
   17 00000000         ; For       : ARMv7M Cortex-M3
   18 00000000         ; Mode      : Thumb2
   19 00000000         ; Toolchain : IAR EWARM
   20 00000000         ;*******************************************************
                       *************************************************
   21 00000000         ;
   22 00000000         
   23 00000000         ;*******************************************************
                       *************************************************
   24 00000000         ;                                          PUBLIC FUNCTI
                       ONS
   25 00000000         ;*******************************************************
                       *************************************************
   26 00000000         
   27 00000000                 EXTERN           OSRunning   ; External referenc
                                                            es
   28 00000000                 EXTERN           OSPrioCur
   29 00000000                 EXTERN           OSPrioHighRdy
   30 00000000                 EXTERN           OSTCBCurPtr
   31 00000000                 EXTERN           OSTCBHighRdyPtr
   32 00000000                 EXTERN           OSIntExit
   33 00000000                 EXTERN           OSTaskSwHook
   34 00000000                 EXTERN           OS_CPU_ExceptStkBase
   35 00000000         
   36 00000000         
   37 00000000                 EXPORT           OSStartHighRdy ; Functions decl
                                                            ared in this file
   38 00000000                 EXPORT           OS_CPU_PendSVHandler
   39 00000000         
   40 00000000         ;PAGE
   41 00000000         ;*******************************************************
                       *************************************************
   42 00000000         ;                                               EQUATES
   43 00000000         ;*******************************************************
                       *************************************************
   44 00000000         
   45 00000000 E000ED04 



ARM Macro Assembler    Page 2 


                       NVIC_INT_CTRL
                               EQU              0xE000ED04  ; Interrupt control
                                                             state register.
   46 00000000 E000ED22 
                       NVIC_SYSPRI14
                               EQU              0xE000ED22  ; System priority r
                                                            egister (priority 1
                                                            4).
   47 00000000 000000FF 
                       NVIC_PENDSV_PRI
                               EQU              0xFF        ; PendSV priority v
                                                            alue (lowest).
   48 00000000 10000000 
                       NVIC_PENDSVSET
                               EQU              0x10000000  ; Value to trigger 
                                                            PendSV exception.
   49 00000000         
   50 00000000         
   51 00000000         ;*******************************************************
                       *************************************************
   52 00000000         ;                                     CODE GENERATION DI
                       RECTIVES
   53 00000000         ;*******************************************************
                       *************************************************
   54 00000000         
   55 00000000         ;    RSEG CODE:CODE:NOROOT(2)
   56 00000000         ;   THUMB
   57 00000000                 PRESERVE8
   58 00000000         
   59 00000000                 AREA             |.text|, CODE, READONLY
   60 00000000                 THUMB
   61 00000000         
   62 00000000         ;PAGE
   63 00000000         ;*******************************************************
                       *************************************************
   64 00000000         ;                                         START MULTITAS
                       KING
   65 00000000         ;                                      void OSStartHighR
                       dy(void)
   66 00000000         ;
   67 00000000         ; Note(s) : 1) This function triggers a PendSV exception
                        (essentially, causes a context switch) to cause
   68 00000000         ;              the first task to start.
   69 00000000         ;
   70 00000000         ;           2) OSStartHighRdy() MUST:
   71 00000000         ;              a) Setup PendSV exception priority to low
                       est;
   72 00000000         ;              b) Set initial PSP to 0, to tell context 
                       switcher this is first run;
   73 00000000         ;              c) Set the main stack to OS_CPU_ExceptStk
                       Base
   74 00000000         ;              d) Trigger PendSV exception;
   75 00000000         ;              e) Enable interrupts (tasks will run with
                        interrupts enabled).
   76 00000000         ;*******************************************************
                       *************************************************
   77 00000000         
   78 00000000         OSStartHighRdy
   79 00000000 4818            LDR              R0, =NVIC_SYSPRI14 ; Set the Pe



ARM Macro Assembler    Page 3 


                                                            ndSV exception prio
                                                            rity
   80 00000002 F04F 01FF       LDR              R1, =NVIC_PENDSV_PRI
   81 00000006 7001            STRB             R1, [R0]
   82 00000008         
   83 00000008 2000            MOVS             R0, #0      ; Set the PSP to 0 
                                                            for initial context
                                                             switch call
   84 0000000A F380 8809       MSR              PSP, R0
   85 0000000E         
   86 0000000E 4816            LDR              R0, =OS_CPU_ExceptStkBase ; Ini
                                                            tialize the MSP to 
                                                            the OS_CPU_ExceptSt
                                                            kBase
   87 00000010 6801            LDR              R1, [R0]
   88 00000012 F381 8808       MSR              MSP, R1
   89 00000016         
   90 00000016 4815            LDR              R0, =NVIC_INT_CTRL ; Trigger th
                                                            e PendSV exception 
                                                            (causes context swi
                                                            tch)
   91 00000018 F04F 5180       LDR              R1, =NVIC_PENDSVSET
   92 0000001C 6001            STR              R1, [R0]
   93 0000001E         
   94 0000001E B662            CPSIE            I           ; Enable interrupts
                                                             at processor level
                                                            
   95 00000020         
   96 00000020         OSStartHang
   97 00000020 E7FE            B                OSStartHang ; Should never get 
                                                            here
   98 00000022         
   99 00000022         
  100 00000022         ;PAGE
  101 00000022         ;*******************************************************
                       *************************************************
  102 00000022         ;                                       HANDLE PendSV EX
                       CEPTION
  103 00000022         ;                                   void OS_CPU_PendSVHa
                       ndler(void)
  104 00000022         ;
  105 00000022         ; Note(s) : 1) PendSV is used to cause a context switch.
                         This is a recommended method for performing
  106 00000022         ;              context switches with Cortex-M3.  This is
                        because the Cortex-M3 auto-saves half of the
  107 00000022         ;              processor context on any exception, and r
                       estores same on return from exception.  So only
  108 00000022         ;              saving of R4-R11 is required and fixing u
                       p the stack pointers.  Using the PendSV exception
  109 00000022         ;              this way means that context saving and re
                       storing is identical whether it is initiated from
  110 00000022         ;              a thread or occurs due to an interrupt or
                        exception.
  111 00000022         ;
  112 00000022         ;           2) Pseudo-code is:
  113 00000022         ;              a) Get the process SP, if 0 then skip (go
                       to d) the saving part (first context switch);
  114 00000022         ;              b) Save remaining regs r4-r11 on process 
                       stack;



ARM Macro Assembler    Page 4 


  115 00000022         ;              c) Save the process SP in its TCB, OSTCBC
                       urPtr->OSTCBStkPtr = SP;
  116 00000022         ;              d) Call OSTaskSwHook();
  117 00000022         ;              e) Get current high priority, OSPrioCur =
                        OSPrioHighRdy;
  118 00000022         ;              f) Get current ready thread TCB, OSTCBCur
                       Ptr = OSTCBHighRdyPtr;
  119 00000022         ;              g) Get new process SP from TCB, SP = OSTC
                       BHighRdyPtr->OSTCBStkPtr;
  120 00000022         ;              h) Restore R4-R11 from new process stack;
                       
  121 00000022         ;              i) Perform exception return which will re
                       store remaining context.
  122 00000022         ;
  123 00000022         ;           3) On entry into PendSV handler:
  124 00000022         ;              a) The following have been saved on the p
                       rocess stack (by processor):
  125 00000022         ;                 xPSR, PC, LR, R12, R0-R3
  126 00000022         ;              b) Processor mode is switched to Handler 
                       mode (from Thread mode)
  127 00000022         ;              c) Stack is Main stack (switched from Pro
                       cess stack)
  128 00000022         ;              d) OSTCBCurPtr      points to the OS_TCB 
                       of the task to suspend
  129 00000022         ;                 OSTCBHighRdyPtr  points to the OS_TCB 
                       of the task to resume
  130 00000022         ;
  131 00000022         ;           4) Since PendSV is set to lowest priority in
                        the system (by OSStartHighRdy() above), we
  132 00000022         ;              know that it will only be run when no oth
                       er exception or interrupt is active, and
  133 00000022         ;              therefore safe to assume that context bei
                       ng switched out was using the process stack (PSP).
  134 00000022         ;*******************************************************
                       *************************************************
  135 00000022         
  136 00000022         OS_CPU_PendSVHandler
  137 00000022 B672            CPSID            I           ; Prevent interrupt
                                                            ion during context 
                                                            switch
  138 00000024 F3EF 8009       MRS              R0, PSP     ; PSP is process st
                                                            ack pointer
  139 00000028 B128            CBZ              R0, OS_CPU_PendSVHandler_nosave
 
                                                            ; Skip register sav
                                                            e the first time
  140 0000002A         
  141 0000002A 3820            SUBS             R0, R0, #0x20 ; Save remaining 
                                                            regs r4-11 on proce
                                                            ss stack
  142 0000002C E880 0FF0       STM              R0, {R4-R11}
  143 00000030         
  144 00000030 490F            LDR              R1, =OSTCBCurPtr ; OSTCBCurPtr-
                                                            >OSTCBStkPtr = SP;
  145 00000032 6809            LDR              R1, [R1]
  146 00000034 6008            STR              R0, [R1]    ; R0 is SP of proce
                                                            ss being switched o
                                                            ut
  147 00000036         



ARM Macro Assembler    Page 5 


  148 00000036         ; At this point, entire context of process has been save
                       d
  149 00000036         OS_CPU_PendSVHandler_nosave
  150 00000036 B500            PUSH             {R14}       ; Save LR exc_retur
                                                            n value
  151 00000038 480E            LDR              R0, =OSTaskSwHook 
                                                            ; OSTaskSwHook();
  152 0000003A 4780            BLX              R0
  153 0000003C F85D EB04       POP              {R14}
  154 00000040         
  155 00000040 480D            LDR              R0, =OSPrioCur ; OSPrioCur   = 
                                                            OSPrioHighRdy;
  156 00000042 490E            LDR              R1, =OSPrioHighRdy
  157 00000044 780A            LDRB             R2, [R1]
  158 00000046 7002            STRB             R2, [R0]
  159 00000048         
  160 00000048 4809            LDR              R0, =OSTCBCurPtr ; OSTCBCurPtr 
                                                            = OSTCBHighRdyPtr;
  161 0000004A 490D            LDR              R1, =OSTCBHighRdyPtr
  162 0000004C 680A            LDR              R2, [R1]
  163 0000004E 6002            STR              R2, [R0]
  164 00000050         
  165 00000050 6810            LDR              R0, [R2]    ; R0 is new process
                                                             SP; SP = OSTCBHigh
                                                            RdyPtr->StkPtr;
  166 00000052 E890 0FF0       LDM              R0, {R4-R11} ; Restore r4-11 fr
                                                            om new process stac
                                                            k
  167 00000056 3020            ADDS             R0, R0, #0x20
  168 00000058 F380 8809       MSR              PSP, R0     ; Load PSP with new
                                                             process SP
  169 0000005C F04E 0E04       ORR              LR, LR, #0x04 ; Ensure exceptio
                                                            n return uses proce
                                                            ss stack
  170 00000060 B662            CPSIE            I
  171 00000062 4770            BX               LR          ; Exception return 
                                                            will restore remain
                                                            ing context
  172 00000064         
  173 00000064                 END
              E000ED22 
              00000000 
              E000ED04 
              00000000 
              00000000 
              00000000 
              00000000 
              00000000 
Command Line: --debug --xref --diag_suppress=9931 --cpu=Cortex-M3 --apcs=interw
ork --depend=..\..\output\os_cpu_a.d -o..\..\output\os_cpu_a.o -IG:\单片机项目\
农业物联网\节点\程序V1.3\Project\MDK\RTE -ID:\MDK5.11\ARM\PACK\Keil\STM32F1xx_D
FP\1.1.0\Device\Include -ID:\MDK5\ARM\CMSIS\Include --predefine="__MICROLIB SET
A 1" --predefine="__UVISION_VERSION SETA 515" --predefine="STM32F10X_MD SETA 1"
 --list=..\..\listing\os_cpu_a.lst ..\..\uCOS-III\Ports\os_cpu_a.asm



ARM Macro Assembler    Page 1 Alphabetic symbol ordering
Relocatable symbols

.text 00000000

Symbol: .text
   Definitions
      At line 59 in file ..\..\uCOS-III\Ports\os_cpu_a.asm
   Uses
      None
Comment: .text unused
OSStartHang 00000020

Symbol: OSStartHang
   Definitions
      At line 96 in file ..\..\uCOS-III\Ports\os_cpu_a.asm
   Uses
      At line 97 in file ..\..\uCOS-III\Ports\os_cpu_a.asm
Comment: OSStartHang used once
OSStartHighRdy 00000000

Symbol: OSStartHighRdy
   Definitions
      At line 78 in file ..\..\uCOS-III\Ports\os_cpu_a.asm
   Uses
      At line 37 in file ..\..\uCOS-III\Ports\os_cpu_a.asm
Comment: OSStartHighRdy used once
OS_CPU_PendSVHandler 00000022

Symbol: OS_CPU_PendSVHandler
   Definitions
      At line 136 in file ..\..\uCOS-III\Ports\os_cpu_a.asm
   Uses
      At line 38 in file ..\..\uCOS-III\Ports\os_cpu_a.asm
Comment: OS_CPU_PendSVHandler used once
OS_CPU_PendSVHandler_nosave 00000036

Symbol: OS_CPU_PendSVHandler_nosave
   Definitions
      At line 149 in file ..\..\uCOS-III\Ports\os_cpu_a.asm
   Uses
      At line 139 in file ..\..\uCOS-III\Ports\os_cpu_a.asm
Comment: OS_CPU_PendSVHandler_nosave used once
5 symbols



ARM Macro Assembler    Page 1 Alphabetic symbol ordering
Absolute symbols

NVIC_INT_CTRL E000ED04

Symbol: NVIC_INT_CTRL
   Definitions
      At line 45 in file ..\..\uCOS-III\Ports\os_cpu_a.asm
   Uses
      At line 90 in file ..\..\uCOS-III\Ports\os_cpu_a.asm
Comment: NVIC_INT_CTRL used once
NVIC_PENDSVSET 10000000

Symbol: NVIC_PENDSVSET
   Definitions
      At line 48 in file ..\..\uCOS-III\Ports\os_cpu_a.asm
   Uses
      At line 91 in file ..\..\uCOS-III\Ports\os_cpu_a.asm
Comment: NVIC_PENDSVSET used once
NVIC_PENDSV_PRI 000000FF

Symbol: NVIC_PENDSV_PRI
   Definitions
      At line 47 in file ..\..\uCOS-III\Ports\os_cpu_a.asm
   Uses
      At line 80 in file ..\..\uCOS-III\Ports\os_cpu_a.asm
Comment: NVIC_PENDSV_PRI used once
NVIC_SYSPRI14 E000ED22

Symbol: NVIC_SYSPRI14
   Definitions
      At line 46 in file ..\..\uCOS-III\Ports\os_cpu_a.asm
   Uses
      At line 79 in file ..\..\uCOS-III\Ports\os_cpu_a.asm
Comment: NVIC_SYSPRI14 used once
4 symbols



ARM Macro Assembler    Page 1 Alphabetic symbol ordering
External symbols

OSIntExit 00000000

Symbol: OSIntExit
   Definitions
      At line 32 in file ..\..\uCOS-III\Ports\os_cpu_a.asm
   Uses
      None
Comment: OSIntExit unused
OSPrioCur 00000000

Symbol: OSPrioCur
   Definitions
      At line 28 in file ..\..\uCOS-III\Ports\os_cpu_a.asm
   Uses
      At line 155 in file ..\..\uCOS-III\Ports\os_cpu_a.asm
Comment: OSPrioCur used once
OSPrioHighRdy 00000000

Symbol: OSPrioHighRdy
   Definitions
      At line 29 in file ..\..\uCOS-III\Ports\os_cpu_a.asm
   Uses
      At line 156 in file ..\..\uCOS-III\Ports\os_cpu_a.asm
Comment: OSPrioHighRdy used once
OSRunning 00000000

Symbol: OSRunning
   Definitions
      At line 27 in file ..\..\uCOS-III\Ports\os_cpu_a.asm
   Uses
      None
Comment: OSRunning unused
OSTCBCurPtr 00000000

Symbol: OSTCBCurPtr
   Definitions
      At line 30 in file ..\..\uCOS-III\Ports\os_cpu_a.asm
   Uses
      At line 144 in file ..\..\uCOS-III\Ports\os_cpu_a.asm
      At line 160 in file ..\..\uCOS-III\Ports\os_cpu_a.asm

OSTCBHighRdyPtr 00000000

Symbol: OSTCBHighRdyPtr
   Definitions
      At line 31 in file ..\..\uCOS-III\Ports\os_cpu_a.asm
   Uses
      At line 161 in file ..\..\uCOS-III\Ports\os_cpu_a.asm
Comment: OSTCBHighRdyPtr used once
OSTaskSwHook 00000000

Symbol: OSTaskSwHook
   Definitions
      At line 33 in file ..\..\uCOS-III\Ports\os_cpu_a.asm
   Uses
      At line 151 in file ..\..\uCOS-III\Ports\os_cpu_a.asm
Comment: OSTaskSwHook used once
OS_CPU_ExceptStkBase 00000000




ARM Macro Assembler    Page 2 Alphabetic symbol ordering
External symbols

Symbol: OS_CPU_ExceptStkBase
   Definitions
      At line 34 in file ..\..\uCOS-III\Ports\os_cpu_a.asm
   Uses
      At line 86 in file ..\..\uCOS-III\Ports\os_cpu_a.asm
Comment: OS_CPU_ExceptStkBase used once
8 symbols
352 symbols in table
